<?xml version="1.0" encoding="UTF-8"?>
<!-- Generated by org.testng.reporters.JUnitReportReporter -->
<testsuite skipped="0" hostname="DESKTOP-RGHPT2R" name="testng.SecondAnnotationTestNG" tests="2" failures="0" timestamp="26 May 2018 04:45:16 GMT" time="0.006" errors="0">
  <testcase name="f" time="0.002" classname="testng.SecondAnnotationTestNG"/>
  <testcase name="f" time="0.004" classname="testng.SecondAnnotationTestNG"/>
</testsuite> <!-- testng.SecondAnnotationTestNG -->
