<?xml version="1.0" encoding="UTF-8"?>
<!-- Generated by org.testng.reporters.JUnitReportReporter -->
<testsuite skipped="0" hostname="DESKTOP-RGHPT2R" name="frames.Guru99Frames" tests="1" failures="0" timestamp="27 May 2018 06:14:33 GMT" time="53.328" errors="0">
  <testcase name="f" time="53.328" classname="frames.Guru99Frames"/>
</testsuite> <!-- frames.Guru99Frames -->
