<?xml version="1.0" encoding="UTF-8"?>
<!-- Generated by org.testng.reporters.JUnitReportReporter -->
<testsuite skipped="0" hostname="DESKTOP-RGHPT2R" name="testng.AnnotationTestNG" tests="2" failures="0" timestamp="26 May 2018 05:17:42 GMT" time="0.000" errors="0">
  <testcase name="f" time="0.000" classname="testng.AnnotationTestNG"/>
  <testcase name="f" time="0.000" classname="testng.AnnotationTestNG"/>
</testsuite> <!-- testng.AnnotationTestNG -->
